=== Ansatz Search: LiH_MultiDim ===
Target Energy: -3.046686

--- Config 1/48: entanglement=linear, init_state=zero, layers=2, single_qubit_gates=['ry'], two_qubit_gate=cnot ---
  Trial 1/2, seed=1000
Step 0, Energy: -2.491339, LR: 5.00e-02
Step 100, Energy: -3.045678, LR: 5.00e-02
Step 200, Energy: -3.046685, LR: 5.00e-02
Step 300, Energy: -3.046685, LR: 5.00e-02
Early stop at step 365: converged (window=50, threshold=1.0e-08)
  Trial 2/2, seed=1001
Step 0, Energy: -1.817715, LR: 5.00e-02
Step 100, Energy: -2.914568, LR: 5.00e-02
Step 200, Energy: -2.914764, LR: 5.00e-02
Step 300, Energy: -2.914764, LR: 5.00e-02
Early stop at step 368: converged (window=50, threshold=1.0e-08)
Best for config 1: val_energy=-3.046685, num_params=8

--- Config 2/48: entanglement=full, init_state=zero, layers=2, single_qubit_gates=['ry'], two_qubit_gate=cnot ---
  Trial 1/2, seed=1100
Step 0, Energy: -2.251481, LR: 5.00e-02
Step 100, Energy: -2.937299, LR: 5.00e-02
Step 200, Energy: -2.937377, LR: 5.00e-02
Step 300, Energy: -2.937377, LR: 5.00e-02
Step 400, Energy: -2.937377, LR: 5.00e-02
Early stop at step 418: converged (window=50, threshold=1.0e-08)
  Trial 2/2, seed=1101
Step 0, Energy: -2.501944, LR: 5.00e-02
Step 100, Energy: -2.914610, LR: 5.00e-02
Step 200, Energy: -2.914764, LR: 5.00e-02
Early stop at step 233: converged (window=50, threshold=1.0e-08)
Best for config 2: val_energy=-2.937377, num_params=8

--- Config 3/48: entanglement=linear, init_state=zero, layers=2, single_qubit_gates=['ry'], two_qubit_gate=rzz ---
  Trial 1/2, seed=1200
Step 0, Energy: -2.384078, LR: 5.00e-02
Step 100, Energy: -2.914700, LR: 5.00e-02
Step 200, Energy: -2.914757, LR: 5.00e-02
Step 300, Energy: -2.914762, LR: 5.00e-02
Step 400, Energy: -2.914763, LR: 5.00e-02
Step 500, Energy: -2.914764, LR: 5.00e-02
  Trial 2/2, seed=1201
Step 0, Energy: -1.994073, LR: 5.00e-02
Step 100, Energy: -2.912942, LR: 5.00e-02
Step 200, Energy: -2.914523, LR: 5.00e-02
Step 300, Energy: -2.914736, LR: 5.00e-02
Step 400, Energy: -2.914762, LR: 5.00e-02
Step 500, Energy: -2.914764, LR: 5.00e-02
Best for config 3: val_energy=-2.914764, num_params=14

--- Config 4/48: entanglement=full, init_state=zero, layers=2, single_qubit_gates=['ry'], two_qubit_gate=rzz ---
  Trial 1/2, seed=1300
Step 0, Energy: -2.291019, LR: 5.00e-02
Step 100, Energy: -2.937265, LR: 5.00e-02
Step 200, Energy: -2.937377, LR: 5.00e-02
Step 300, Energy: -2.937377, LR: 5.00e-02
Step 400, Energy: -2.937377, LR: 5.00e-02
Step 500, Energy: -2.937377, LR: 5.00e-02
  Trial 2/2, seed=1301
Step 0, Energy: -2.142903, LR: 5.00e-02
Step 100, Energy: -2.865899, LR: 5.00e-02
Step 200, Energy: -2.870883, LR: 5.00e-02
Step 300, Energy: -2.914120, LR: 5.00e-02
Step 400, Energy: -2.914657, LR: 5.00e-02
Step 500, Energy: -2.914724, LR: 5.00e-02
Best for config 4: val_energy=-2.937377, num_params=20

--- Config 5/48: entanglement=linear, init_state=zero, layers=2, single_qubit_gates=['ry'], two_qubit_gate=rxx_ryy_rzz ---
  Trial 1/2, seed=1400
Step 0, Energy: -2.361952, LR: 5.00e-02
Step 100, Energy: -2.937179, LR: 5.00e-02
Step 200, Energy: -2.937352, LR: 5.00e-02
Step 300, Energy: -2.937372, LR: 5.00e-02
Step 400, Energy: -2.937376, LR: 5.00e-02
Step 500, Energy: -2.937377, LR: 5.00e-02
  Trial 2/2, seed=1401
Step 0, Energy: -2.568660, LR: 5.00e-02
Step 100, Energy: -2.937351, LR: 5.00e-02
Step 200, Energy: -2.937378, LR: 5.00e-02
Step 300, Energy: -2.937377, LR: 5.00e-02
Step 400, Energy: -2.937377, LR: 5.00e-02
Step 500, Energy: -2.937377, LR: 5.00e-02
Best for config 5: val_energy=-2.937378, num_params=26

--- Config 6/48: entanglement=full, init_state=zero, layers=2, single_qubit_gates=['ry'], two_qubit_gate=rxx_ryy_rzz ---
  Trial 1/2, seed=1500
Step 0, Energy: -2.541112, LR: 5.00e-02
Step 100, Energy: -2.937226, LR: 5.00e-02
Step 200, Energy: -2.937374, LR: 5.00e-02
Step 300, Energy: -2.937378, LR: 5.00e-02
Step 400, Energy: -2.937377, LR: 5.00e-02
Step 500, Energy: -2.937377, LR: 5.00e-02
  Trial 2/2, seed=1501
Step 0, Energy: -2.341597, LR: 5.00e-02
Step 100, Energy: -2.937172, LR: 5.00e-02
Step 200, Energy: -2.937366, LR: 5.00e-02
Step 300, Energy: -2.937372, LR: 5.00e-02
Step 400, Energy: -2.937375, LR: 5.00e-02
Step 500, Energy: -2.937376, LR: 5.00e-02
Best for config 6: val_energy=-2.937377, num_params=44

--- Config 7/48: entanglement=linear, init_state=zero, layers=2, single_qubit_gates=['ry', 'rz'], two_qubit_gate=cnot ---
  Trial 1/2, seed=1600
Step 0, Energy: -2.191315, LR: 5.00e-02
Step 100, Energy: -3.046640, LR: 5.00e-02
Step 200, Energy: -3.046686, LR: 5.00e-02
Step 300, Energy: -3.046686, LR: 5.00e-02
Step 400, Energy: -3.046686, LR: 5.00e-02
Step 500, Energy: -3.046686, LR: 5.00e-02
  Trial 2/2, seed=1601
Step 0, Energy: -2.409094, LR: 5.00e-02
Step 100, Energy: -3.046614, LR: 5.00e-02
Step 200, Energy: -3.046686, LR: 5.00e-02
Step 300, Energy: -3.046685, LR: 5.00e-02
Step 400, Energy: -3.046685, LR: 5.00e-02
Step 500, Energy: -3.046685, LR: 5.00e-02
Best for config 7: val_energy=-3.046685, num_params=16

--- Config 8/48: entanglement=full, init_state=zero, layers=2, single_qubit_gates=['ry', 'rz'], two_qubit_gate=cnot ---
  Trial 1/2, seed=1700
Step 0, Energy: -2.085636, LR: 5.00e-02
Step 100, Energy: -2.862399, LR: 5.00e-02
Step 200, Energy: -2.863037, LR: 5.00e-02
Step 300, Energy: -2.864548, LR: 5.00e-02
Step 400, Energy: -2.865331, LR: 5.00e-02
Step 500, Energy: -2.865399, LR: 5.00e-02
  Trial 2/2, seed=1701
Step 0, Energy: -2.545304, LR: 5.00e-02
Step 100, Energy: -2.914752, LR: 5.00e-02
Step 200, Energy: -2.914764, LR: 5.00e-02
Step 300, Energy: -2.914764, LR: 5.00e-02
Step 400, Energy: -2.914764, LR: 5.00e-02
Step 500, Energy: -2.914764, LR: 5.00e-02
Best for config 8: val_energy=-2.914764, num_params=16

--- Config 9/48: entanglement=linear, init_state=zero, layers=2, single_qubit_gates=['ry', 'rz'], two_qubit_gate=rzz ---
  Trial 1/2, seed=1800
Step 0, Energy: -2.486417, LR: 5.00e-02
Step 100, Energy: -2.865375, LR: 5.00e-02
Step 200, Energy: -2.865397, LR: 5.00e-02
Step 300, Energy: -2.865400, LR: 5.00e-02
Step 400, Energy: -2.865402, LR: 5.00e-02
Step 500, Energy: -2.865402, LR: 5.00e-02
  Trial 2/2, seed=1801
Step 0, Energy: -2.523945, LR: 5.00e-02
Step 100, Energy: -2.914716, LR: 5.00e-02
Step 200, Energy: -2.914763, LR: 5.00e-02
Step 300, Energy: -2.914764, LR: 5.00e-02
Step 400, Energy: -2.914764, LR: 5.00e-02
Step 500, Energy: -2.914764, LR: 5.00e-02
Best for config 9: val_energy=-2.914764, num_params=22

--- Config 10/48: entanglement=full, init_state=zero, layers=2, single_qubit_gates=['ry', 'rz'], two_qubit_gate=rzz ---
  Trial 1/2, seed=1900
Step 0, Energy: -2.498060, LR: 5.00e-02
Step 100, Energy: -2.914713, LR: 5.00e-02
Step 200, Energy: -2.914759, LR: 5.00e-02
Step 300, Energy: -2.914785, LR: 5.00e-02
Step 400, Energy: -2.914846, LR: 5.00e-02
Step 500, Energy: -2.915986, LR: 5.00e-02
  Trial 2/2, seed=1901
Step 0, Energy: -1.719256, LR: 5.00e-02
Step 100, Energy: -3.039143, LR: 5.00e-02
Step 200, Energy: -3.046686, LR: 5.00e-02
Step 300, Energy: -3.046685, LR: 5.00e-02
Step 400, Energy: -3.046685, LR: 5.00e-02
Step 500, Energy: -3.046686, LR: 5.00e-02
Best for config 10: val_energy=-3.046686, num_params=28

--- Config 11/48: entanglement=linear, init_state=zero, layers=2, single_qubit_gates=['ry', 'rz'], two_qubit_gate=rxx_ryy_rzz ---
  Trial 1/2, seed=2000
Step 0, Energy: -2.573792, LR: 5.00e-02
Step 100, Energy: -2.914732, LR: 5.00e-02
Step 200, Energy: -2.914752, LR: 5.00e-02
Step 300, Energy: -2.914757, LR: 5.00e-02
Step 400, Energy: -2.914760, LR: 5.00e-02
Step 500, Energy: -2.914761, LR: 5.00e-02
  Trial 2/2, seed=2001
Step 0, Energy: -2.507373, LR: 5.00e-02
Step 100, Energy: -3.021101, LR: 5.00e-02
Step 200, Energy: -3.046685, LR: 5.00e-02
Step 300, Energy: -3.046686, LR: 5.00e-02
Step 400, Energy: -3.046685, LR: 5.00e-02
Step 500, Energy: -3.046686, LR: 5.00e-02
Best for config 11: val_energy=-3.046685, num_params=34

--- Config 12/48: entanglement=full, init_state=zero, layers=2, single_qubit_gates=['ry', 'rz'], two_qubit_gate=rxx_ryy_rzz ---
  Trial 1/2, seed=2100
Step 0, Energy: -2.310547, LR: 5.00e-02
Step 100, Energy: -3.046625, LR: 5.00e-02
Step 200, Energy: -3.046686, LR: 5.00e-02
Step 300, Energy: -3.046686, LR: 5.00e-02
Step 400, Energy: -3.046686, LR: 5.00e-02
Step 500, Energy: -3.046686, LR: 5.00e-02
  Trial 2/2, seed=2101
Step 0, Energy: -2.448748, LR: 5.00e-02
Step 100, Energy: -3.046602, LR: 5.00e-02
Step 200, Energy: -3.046674, LR: 5.00e-02
Step 300, Energy: -3.046681, LR: 5.00e-02
Step 400, Energy: -3.046578, LR: 5.00e-02
Step 500, Energy: -3.046685, LR: 5.00e-02
Best for config 12: val_energy=-3.046686, num_params=52

--- Config 13/48: entanglement=linear, init_state=zero, layers=3, single_qubit_gates=['ry'], two_qubit_gate=cnot ---
  Trial 1/2, seed=2200
Step 0, Energy: -2.233511, LR: 5.00e-02
Step 100, Energy: -3.046567, LR: 5.00e-02
Step 200, Energy: -3.046663, LR: 5.00e-02
Step 300, Energy: -3.046679, LR: 5.00e-02
Step 400, Energy: -3.046684, LR: 5.00e-02
Step 500, Energy: -3.046685, LR: 5.00e-02
  Trial 2/2, seed=2201
Step 0, Energy: -2.122573, LR: 5.00e-02
Step 100, Energy: -3.045993, LR: 5.00e-02
Step 200, Energy: -3.046685, LR: 5.00e-02
Step 300, Energy: -3.046685, LR: 5.00e-02
Step 400, Energy: -3.046686, LR: 5.00e-02
Step 500, Energy: -3.046685, LR: 5.00e-02
Early stop at step 578: converged (window=50, threshold=1.0e-08)
Best for config 13: val_energy=-3.046686, num_params=12

--- Config 14/48: entanglement=full, init_state=zero, layers=3, single_qubit_gates=['ry'], two_qubit_gate=cnot ---
  Trial 1/2, seed=2300
Step 0, Energy: -2.526146, LR: 5.00e-02
Step 100, Energy: -3.046607, LR: 5.00e-02
Step 200, Energy: -3.046684, LR: 5.00e-02
Step 300, Energy: -3.046685, LR: 5.00e-02
Step 400, Energy: -3.046685, LR: 5.00e-02
Step 500, Energy: -3.046685, LR: 5.00e-02
Early stop at step 593: converged (window=50, threshold=1.0e-08)
  Trial 2/2, seed=2301
Step 0, Energy: -2.257756, LR: 5.00e-02
Step 100, Energy: -3.035003, LR: 5.00e-02
Step 200, Energy: -3.046686, LR: 5.00e-02
Step 300, Energy: -3.046685, LR: 5.00e-02
Step 400, Energy: -3.046685, LR: 5.00e-02
Early stop at step 437: converged (window=50, threshold=1.0e-08)
Best for config 14: val_energy=-3.046685, num_params=12

--- Config 15/48: entanglement=linear, init_state=zero, layers=3, single_qubit_gates=['ry'], two_qubit_gate=rzz ---
  Trial 1/2, seed=2400
Step 0, Energy: -2.568129, LR: 5.00e-02
Step 100, Energy: -2.865284, LR: 5.00e-02
Step 200, Energy: -2.865342, LR: 5.00e-02
Step 300, Energy: -2.865366, LR: 5.00e-02
Step 400, Energy: -2.865383, LR: 5.00e-02
Step 500, Energy: -2.865401, LR: 5.00e-02
  Trial 2/2, seed=2401
Step 0, Energy: -2.525405, LR: 5.00e-02
Step 100, Energy: -2.914757, LR: 5.00e-02
Step 200, Energy: -2.914764, LR: 5.00e-02
Step 300, Energy: -2.914764, LR: 5.00e-02
Step 400, Energy: -2.914764, LR: 5.00e-02
Step 500, Energy: -2.914764, LR: 5.00e-02
Best for config 15: val_energy=-2.914764, num_params=21

--- Config 16/48: entanglement=full, init_state=zero, layers=3, single_qubit_gates=['ry'], two_qubit_gate=rzz ---
  Trial 1/2, seed=2500
Step 0, Energy: -2.419098, LR: 5.00e-02
Step 100, Energy: -2.917538, LR: 5.00e-02
Step 200, Energy: -2.937325, LR: 5.00e-02
Step 300, Energy: -2.937374, LR: 5.00e-02
Step 400, Energy: -2.937376, LR: 5.00e-02
Step 500, Energy: -2.937377, LR: 5.00e-02
  Trial 2/2, seed=2501
Step 0, Energy: -2.435182, LR: 5.00e-02
Step 100, Energy: -2.914754, LR: 5.00e-02
Step 200, Energy: -2.914763, LR: 5.00e-02
Step 300, Energy: -2.914764, LR: 5.00e-02
Step 400, Energy: -2.914764, LR: 5.00e-02
Step 500, Energy: -2.914764, LR: 5.00e-02
Best for config 16: val_energy=-2.937377, num_params=30

--- Config 17/48: entanglement=linear, init_state=zero, layers=3, single_qubit_gates=['ry'], two_qubit_gate=rxx_ryy_rzz ---
  Trial 1/2, seed=2600
Step 0, Energy: -2.392142, LR: 5.00e-02
Step 100, Energy: -2.937080, LR: 5.00e-02
Step 200, Energy: -2.937321, LR: 5.00e-02
Step 300, Energy: -2.937354, LR: 5.00e-02
Step 400, Energy: -2.937366, LR: 5.00e-02
Step 500, Energy: -2.937372, LR: 5.00e-02
  Trial 2/2, seed=2601
Step 0, Energy: -2.413965, LR: 5.00e-02
Step 100, Energy: -2.937346, LR: 5.00e-02
Step 200, Energy: -2.937370, LR: 5.00e-02
Step 300, Energy: -2.937374, LR: 5.00e-02
Step 400, Energy: -2.937375, LR: 5.00e-02
Step 500, Energy: -2.937375, LR: 5.00e-02
Best for config 17: val_energy=-2.937376, num_params=39

--- Config 18/48: entanglement=full, init_state=zero, layers=3, single_qubit_gates=['ry'], two_qubit_gate=rxx_ryy_rzz ---
  Trial 1/2, seed=2700
Step 0, Energy: -2.296799, LR: 5.00e-02
Step 100, Energy: -2.937369, LR: 5.00e-02
Step 200, Energy: -2.937377, LR: 5.00e-02
Step 300, Energy: -2.937377, LR: 5.00e-02
Step 400, Energy: -2.937377, LR: 5.00e-02
Step 500, Energy: -2.937378, LR: 5.00e-02
  Trial 2/2, seed=2701
Step 0, Energy: -2.576652, LR: 5.00e-02
Step 100, Energy: -2.937372, LR: 5.00e-02
Step 200, Energy: -2.937378, LR: 5.00e-02
Step 300, Energy: -2.937377, LR: 5.00e-02
Step 400, Energy: -2.937377, LR: 5.00e-02
Step 500, Energy: -2.937377, LR: 5.00e-02
Best for config 18: val_energy=-2.937378, num_params=66

--- Config 19/48: entanglement=linear, init_state=zero, layers=3, single_qubit_gates=['ry', 'rz'], two_qubit_gate=cnot ---
  Trial 1/2, seed=2800
Step 0, Energy: -2.386379, LR: 5.00e-02
Step 100, Energy: -3.046490, LR: 5.00e-02
Step 200, Energy: -3.046685, LR: 5.00e-02
Step 300, Energy: -3.046685, LR: 5.00e-02
Step 400, Energy: -3.046686, LR: 5.00e-02
Step 500, Energy: -3.046686, LR: 5.00e-02
  Trial 2/2, seed=2801
Step 0, Energy: -2.337003, LR: 5.00e-02
Step 100, Energy: -3.046601, LR: 5.00e-02
Step 200, Energy: -3.046656, LR: 5.00e-02
Step 300, Energy: -3.046671, LR: 5.00e-02
Step 400, Energy: -3.046677, LR: 5.00e-02
Step 500, Energy: -3.046680, LR: 5.00e-02
Best for config 19: val_energy=-3.046685, num_params=24

--- Config 20/48: entanglement=full, init_state=zero, layers=3, single_qubit_gates=['ry', 'rz'], two_qubit_gate=cnot ---
  Trial 1/2, seed=2900
Step 0, Energy: -2.549738, LR: 5.00e-02
Step 100, Energy: -3.046527, LR: 5.00e-02
Step 200, Energy: -3.046685, LR: 5.00e-02
Step 300, Energy: -3.046685, LR: 5.00e-02
Step 400, Energy: -3.046686, LR: 5.00e-02
Step 500, Energy: -3.046685, LR: 5.00e-02
  Trial 2/2, seed=2901
Step 0, Energy: -2.368261, LR: 5.00e-02
Step 100, Energy: -3.046470, LR: 5.00e-02
Step 200, Energy: -3.046686, LR: 5.00e-02
Step 300, Energy: -3.046685, LR: 5.00e-02
Step 400, Energy: -3.046686, LR: 5.00e-02
Step 500, Energy: -3.046686, LR: 5.00e-02
Best for config 20: val_energy=-3.046686, num_params=24

--- Config 21/48: entanglement=linear, init_state=zero, layers=3, single_qubit_gates=['ry', 'rz'], two_qubit_gate=rzz ---
  Trial 1/2, seed=3000
Step 0, Energy: -2.270280, LR: 5.00e-02
Step 100, Energy: -3.039796, LR: 5.00e-02
Step 200, Energy: -3.046677, LR: 5.00e-02
Step 300, Energy: -3.046686, LR: 5.00e-02
Step 400, Energy: -3.046685, LR: 5.00e-02
Step 500, Energy: -3.046686, LR: 5.00e-02
  Trial 2/2, seed=3001
Step 0, Energy: -2.499837, LR: 5.00e-02
Step 100, Energy: -3.039760, LR: 5.00e-02
Step 200, Energy: -3.046686, LR: 5.00e-02
Step 300, Energy: -3.046686, LR: 5.00e-02
Step 400, Energy: -3.046685, LR: 5.00e-02
Step 500, Energy: -3.046685, LR: 5.00e-02
Best for config 21: val_energy=-3.046686, num_params=33

--- Config 22/48: entanglement=full, init_state=zero, layers=3, single_qubit_gates=['ry', 'rz'], two_qubit_gate=rzz ---
  Trial 1/2, seed=3100
Step 0, Energy: -2.431913, LR: 5.00e-02
Step 100, Energy: -3.046479, LR: 5.00e-02
Step 200, Energy: -3.046686, LR: 5.00e-02
Step 300, Energy: -3.046686, LR: 5.00e-02
Step 400, Energy: -3.046685, LR: 5.00e-02
Step 500, Energy: -3.046685, LR: 5.00e-02
  Trial 2/2, seed=3101
Step 0, Energy: -2.395511, LR: 5.00e-02
Step 100, Energy: -2.865396, LR: 5.00e-02
Step 200, Energy: -2.865402, LR: 5.00e-02
Step 300, Energy: -2.865402, LR: 5.00e-02
Step 400, Energy: -2.865402, LR: 5.00e-02
Step 500, Energy: -2.865402, LR: 5.00e-02
Best for config 22: val_energy=-3.046686, num_params=42

--- Config 23/48: entanglement=linear, init_state=zero, layers=3, single_qubit_gates=['ry', 'rz'], two_qubit_gate=rxx_ryy_rzz ---
  Trial 1/2, seed=3200
Step 0, Energy: -2.405662, LR: 5.00e-02
Step 100, Energy: -3.046413, LR: 5.00e-02
Step 200, Energy: -3.046656, LR: 5.00e-02
Step 300, Energy: -3.046672, LR: 5.00e-02
Step 400, Energy: -3.046677, LR: 5.00e-02
Step 500, Energy: -3.046681, LR: 5.00e-02
  Trial 2/2, seed=3201
Step 0, Energy: -2.544852, LR: 5.00e-02
Step 100, Energy: -3.046578, LR: 5.00e-02
Step 200, Energy: -3.046674, LR: 5.00e-02
Step 300, Energy: -3.046683, LR: 5.00e-02
Step 400, Energy: -3.046686, LR: 5.00e-02
Step 500, Energy: -3.046686, LR: 5.00e-02
Best for config 23: val_energy=-3.046686, num_params=51

--- Config 24/48: entanglement=full, init_state=zero, layers=3, single_qubit_gates=['ry', 'rz'], two_qubit_gate=rxx_ryy_rzz ---
  Trial 1/2, seed=3300
Step 0, Energy: -2.566085, LR: 5.00e-02
Step 100, Energy: -3.046678, LR: 5.00e-02
Step 200, Energy: -3.046686, LR: 5.00e-02
Step 300, Energy: -3.046685, LR: 5.00e-02
Step 400, Energy: -3.045789, LR: 5.00e-02
Step 500, Energy: -3.046686, LR: 5.00e-02
  Trial 2/2, seed=3301
Step 0, Energy: -2.501745, LR: 5.00e-02
Step 100, Energy: -3.046679, LR: 5.00e-02
Step 200, Energy: -3.046686, LR: 5.00e-02
Step 300, Energy: -3.046685, LR: 5.00e-02
Step 400, Energy: -3.046685, LR: 5.00e-02
Step 500, Energy: -3.046686, LR: 5.00e-02
Best for config 24: val_energy=-3.046686, num_params=78

--- Config 25/48: entanglement=linear, init_state=hf, layers=2, single_qubit_gates=['ry'], two_qubit_gate=cnot ---
  Trial 1/2, seed=3400
Step 0, Energy: -2.376017, LR: 5.00e-02
Step 100, Energy: -2.912786, LR: 5.00e-02
Step 200, Energy: -2.914657, LR: 5.00e-02
Step 300, Energy: -2.914748, LR: 5.00e-02
Step 400, Energy: -2.914762, LR: 5.00e-02
Step 500, Energy: -2.914764, LR: 5.00e-02
  Trial 2/2, seed=3401
Step 0, Energy: -2.576537, LR: 5.00e-02
Step 100, Energy: -3.046679, LR: 5.00e-02
Step 200, Energy: -3.046685, LR: 5.00e-02
Step 300, Energy: -3.046685, LR: 5.00e-02
Early stop at step 381: converged (window=50, threshold=1.0e-08)
Best for config 25: val_energy=-3.046685, num_params=8

--- Config 26/48: entanglement=full, init_state=hf, layers=2, single_qubit_gates=['ry'], two_qubit_gate=cnot ---
  Trial 1/2, seed=3500
Step 0, Energy: -2.419041, LR: 5.00e-02
Step 100, Energy: -2.902024, LR: 5.00e-02
Step 200, Energy: -2.914764, LR: 5.00e-02
Step 300, Energy: -2.914764, LR: 5.00e-02
Early stop at step 332: converged (window=50, threshold=1.0e-08)
  Trial 2/2, seed=3501
Step 0, Energy: -2.505577, LR: 5.00e-02
Step 100, Energy: -2.863064, LR: 5.00e-02
Step 200, Energy: -2.863758, LR: 5.00e-02
Step 300, Energy: -2.864673, LR: 5.00e-02
Step 400, Energy: -2.865224, LR: 5.00e-02
Step 500, Energy: -2.865376, LR: 5.00e-02
Best for config 26: val_energy=-2.914764, num_params=8

--- Config 27/48: entanglement=linear, init_state=hf, layers=2, single_qubit_gates=['ry'], two_qubit_gate=rzz ---
  Trial 1/2, seed=3600
Step 0, Energy: -2.536351, LR: 5.00e-02
Step 100, Energy: -2.877726, LR: 5.00e-02
Step 200, Energy: -2.914762, LR: 5.00e-02
Step 300, Energy: -2.914764, LR: 5.00e-02
Step 400, Energy: -2.914764, LR: 5.00e-02
Step 500, Energy: -2.914764, LR: 5.00e-02
  Trial 2/2, seed=3601
Step 0, Energy: -2.528042, LR: 5.00e-02
Step 100, Energy: -2.865640, LR: 5.00e-02
Step 200, Energy: -2.906883, LR: 5.00e-02
Step 300, Energy: -2.914762, LR: 5.00e-02
Step 400, Energy: -2.914764, LR: 5.00e-02
Step 500, Energy: -2.914764, LR: 5.00e-02
Best for config 27: val_energy=-2.914764, num_params=14

--- Config 28/48: entanglement=full, init_state=hf, layers=2, single_qubit_gates=['ry'], two_qubit_gate=rzz ---
  Trial 1/2, seed=3700
Step 0, Energy: -2.778489, LR: 5.00e-02
Step 100, Energy: -2.914763, LR: 5.00e-02
Step 200, Energy: -2.914764, LR: 5.00e-02
Step 300, Energy: -2.914764, LR: 5.00e-02
Step 400, Energy: -2.914764, LR: 5.00e-02
Step 500, Energy: -2.914764, LR: 5.00e-02
  Trial 2/2, seed=3701
Step 0, Energy: -2.555422, LR: 5.00e-02
Step 100, Energy: -2.914726, LR: 5.00e-02
Step 200, Energy: -2.914763, LR: 5.00e-02
Step 300, Energy: -2.914763, LR: 5.00e-02
Step 400, Energy: -2.914764, LR: 5.00e-02
Step 500, Energy: -2.914764, LR: 5.00e-02
Best for config 28: val_energy=-2.914764, num_params=20

--- Config 29/48: entanglement=linear, init_state=hf, layers=2, single_qubit_gates=['ry'], two_qubit_gate=rxx_ryy_rzz ---
  Trial 1/2, seed=3800
Step 0, Energy: -2.320055, LR: 5.00e-02
Step 100, Energy: -2.914699, LR: 5.00e-02
Step 200, Energy: -2.914764, LR: 5.00e-02
Step 300, Energy: -2.914764, LR: 5.00e-02
Step 400, Energy: -2.914764, LR: 5.00e-02
Step 500, Energy: -2.914764, LR: 5.00e-02
  Trial 2/2, seed=3801
Step 0, Energy: -2.536562, LR: 5.00e-02
Step 100, Energy: -2.936932, LR: 5.00e-02
Step 200, Energy: -2.937377, LR: 5.00e-02
Step 300, Energy: -2.937377, LR: 5.00e-02
Step 400, Energy: -2.937377, LR: 5.00e-02
Step 500, Energy: -2.937377, LR: 5.00e-02
Best for config 29: val_energy=-2.937377, num_params=26

--- Config 30/48: entanglement=full, init_state=hf, layers=2, single_qubit_gates=['ry'], two_qubit_gate=rxx_ryy_rzz ---
  Trial 1/2, seed=3900
Step 0, Energy: -2.483330, LR: 5.00e-02
Step 100, Energy: -2.937151, LR: 5.00e-02
Step 200, Energy: -2.937329, LR: 5.00e-02
Step 300, Energy: -2.937348, LR: 5.00e-02
Step 400, Energy: -2.937359, LR: 5.00e-02
Step 500, Energy: -2.937365, LR: 5.00e-02
  Trial 2/2, seed=3901
Step 0, Energy: -2.552922, LR: 5.00e-02
Step 100, Energy: -2.937360, LR: 5.00e-02
Step 200, Energy: -2.937376, LR: 5.00e-02
Step 300, Energy: -2.937377, LR: 5.00e-02
Step 400, Energy: -2.937377, LR: 5.00e-02
Step 500, Energy: -2.937378, LR: 5.00e-02
Best for config 30: val_energy=-2.937369, num_params=44

--- Config 31/48: entanglement=linear, init_state=hf, layers=2, single_qubit_gates=['ry', 'rz'], two_qubit_gate=cnot ---
  Trial 1/2, seed=4000
Step 0, Energy: -2.394746, LR: 5.00e-02
Step 100, Energy: -2.914633, LR: 5.00e-02
Step 200, Energy: -2.914764, LR: 5.00e-02
Step 300, Energy: -2.914764, LR: 5.00e-02
Step 400, Energy: -2.914764, LR: 5.00e-02
Step 500, Energy: -2.914764, LR: 5.00e-02
  Trial 2/2, seed=4001
Step 0, Energy: -2.181359, LR: 5.00e-02
Step 100, Energy: -3.046616, LR: 5.00e-02
Step 200, Energy: -3.046685, LR: 5.00e-02
Step 300, Energy: -3.046686, LR: 5.00e-02
Step 400, Energy: -3.046686, LR: 5.00e-02
Step 500, Energy: -3.046685, LR: 5.00e-02
Best for config 31: val_energy=-3.046685, num_params=16

--- Config 32/48: entanglement=full, init_state=hf, layers=2, single_qubit_gates=['ry', 'rz'], two_qubit_gate=cnot ---
  Trial 1/2, seed=4100
Step 0, Energy: -2.406369, LR: 5.00e-02
Step 100, Energy: -2.914606, LR: 5.00e-02
Step 200, Energy: -2.914764, LR: 5.00e-02
Step 300, Energy: -2.914764, LR: 5.00e-02
Step 400, Energy: -2.914764, LR: 5.00e-02
Step 500, Energy: -2.914764, LR: 5.00e-02
  Trial 2/2, seed=4101
Step 0, Energy: -2.316918, LR: 5.00e-02
Step 100, Energy: -2.872519, LR: 5.00e-02
Step 200, Energy: -2.914716, LR: 5.00e-02
Step 300, Energy: -2.914764, LR: 5.00e-02
Step 400, Energy: -2.914764, LR: 5.00e-02
Step 500, Energy: -2.914764, LR: 5.00e-02
Best for config 32: val_energy=-2.914764, num_params=16

--- Config 33/48: entanglement=linear, init_state=hf, layers=2, single_qubit_gates=['ry', 'rz'], two_qubit_gate=rzz ---
  Trial 1/2, seed=4200
Step 0, Energy: -2.435840, LR: 5.00e-02
Step 100, Energy: -2.914740, LR: 5.00e-02
Step 200, Energy: -2.914762, LR: 5.00e-02
Step 300, Energy: -2.914763, LR: 5.00e-02
Step 400, Energy: -2.914763, LR: 5.00e-02
Step 500, Energy: -2.914763, LR: 5.00e-02
  Trial 2/2, seed=4201
Step 0, Energy: -2.696667, LR: 5.00e-02
Step 100, Energy: -2.914761, LR: 5.00e-02
Step 200, Energy: -2.914764, LR: 5.00e-02
Step 300, Energy: -2.914764, LR: 5.00e-02
Step 400, Energy: -2.914764, LR: 5.00e-02
Step 500, Energy: -2.914764, LR: 5.00e-02
Best for config 33: val_energy=-2.914764, num_params=22

--- Config 34/48: entanglement=full, init_state=hf, layers=2, single_qubit_gates=['ry', 'rz'], two_qubit_gate=rzz ---
  Trial 1/2, seed=4300
Step 0, Energy: -2.551940, LR: 5.00e-02
Step 100, Energy: -2.914748, LR: 5.00e-02
Step 200, Energy: -2.914763, LR: 5.00e-02
Step 300, Energy: -2.914764, LR: 5.00e-02
Step 400, Energy: -2.914764, LR: 5.00e-02
Step 500, Energy: -2.914764, LR: 5.00e-02
  Trial 2/2, seed=4301
Step 0, Energy: -2.484134, LR: 5.00e-02
Step 100, Energy: -2.865396, LR: 5.00e-02
Step 200, Energy: -2.865402, LR: 5.00e-02
Step 300, Energy: -2.865402, LR: 5.00e-02
Step 400, Energy: -2.865402, LR: 5.00e-02
Step 500, Energy: -2.865402, LR: 5.00e-02
Best for config 34: val_energy=-2.914764, num_params=28

--- Config 35/48: entanglement=linear, init_state=hf, layers=2, single_qubit_gates=['ry', 'rz'], two_qubit_gate=rxx_ryy_rzz ---
  Trial 1/2, seed=4400
Step 0, Energy: -2.633708, LR: 5.00e-02
Step 100, Energy: -2.914774, LR: 5.00e-02
Step 200, Energy: -2.914894, LR: 5.00e-02
Step 300, Energy: -2.936615, LR: 5.00e-02
Step 400, Energy: -2.937375, LR: 5.00e-02
Step 500, Energy: -2.937378, LR: 5.00e-02
  Trial 2/2, seed=4401
Step 0, Energy: -2.421591, LR: 5.00e-02
Step 100, Energy: -2.914747, LR: 5.00e-02
Step 200, Energy: -2.914764, LR: 5.00e-02
Step 300, Energy: -2.914764, LR: 5.00e-02
Step 400, Energy: -2.914764, LR: 5.00e-02
Step 500, Energy: -2.914764, LR: 5.00e-02
Best for config 35: val_energy=-2.937377, num_params=34

--- Config 36/48: entanglement=full, init_state=hf, layers=2, single_qubit_gates=['ry', 'rz'], two_qubit_gate=rxx_ryy_rzz ---
  Trial 1/2, seed=4500
Step 0, Energy: -2.416825, LR: 5.00e-02
Step 100, Energy: -3.046659, LR: 5.00e-02
Step 200, Energy: -3.046685, LR: 5.00e-02
Step 300, Energy: -3.046686, LR: 5.00e-02
Step 400, Energy: -3.046686, LR: 5.00e-02
Step 500, Energy: -3.046686, LR: 5.00e-02
  Trial 2/2, seed=4501
Step 0, Energy: -2.297390, LR: 5.00e-02
Step 100, Energy: -3.046500, LR: 5.00e-02
Step 200, Energy: -3.046649, LR: 5.00e-02
Step 300, Energy: -3.046671, LR: 5.00e-02
Step 400, Energy: -3.046679, LR: 5.00e-02
Step 500, Energy: -3.046683, LR: 5.00e-02
Best for config 36: val_energy=-3.046686, num_params=52

--- Config 37/48: entanglement=linear, init_state=hf, layers=3, single_qubit_gates=['ry'], two_qubit_gate=cnot ---
  Trial 1/2, seed=4600
Step 0, Energy: -2.619887, LR: 5.00e-02
Step 100, Energy: -2.914659, LR: 5.00e-02
Step 200, Energy: -2.914793, LR: 5.00e-02
Step 300, Energy: -2.919478, LR: 5.00e-02
Step 400, Energy: -3.046686, LR: 5.00e-02
Step 500, Energy: -3.046685, LR: 5.00e-02
  Trial 2/2, seed=4601
Step 0, Energy: -2.552022, LR: 5.00e-02
Step 100, Energy: -3.046660, LR: 5.00e-02
Step 200, Energy: -3.046685, LR: 5.00e-02
Step 300, Energy: -3.046686, LR: 5.00e-02
Early stop at step 393: converged (window=50, threshold=1.0e-08)
Best for config 37: val_energy=-3.046685, num_params=12

--- Config 38/48: entanglement=full, init_state=hf, layers=3, single_qubit_gates=['ry'], two_qubit_gate=cnot ---
  Trial 1/2, seed=4700
Step 0, Energy: -2.348695, LR: 5.00e-02
Step 100, Energy: -3.046666, LR: 5.00e-02
Step 200, Energy: -3.046681, LR: 5.00e-02
Step 300, Energy: -3.046684, LR: 5.00e-02
Step 400, Energy: -3.046686, LR: 5.00e-02
Step 500, Energy: -3.046686, LR: 5.00e-02
  Trial 2/2, seed=4701
Step 0, Energy: -2.517070, LR: 5.00e-02
Step 100, Energy: -3.046217, LR: 5.00e-02
Step 200, Energy: -3.046685, LR: 5.00e-02
Step 300, Energy: -3.046686, LR: 5.00e-02
Step 400, Energy: -3.046686, LR: 5.00e-02
Step 500, Energy: -3.046686, LR: 5.00e-02
Best for config 38: val_energy=-3.046686, num_params=12

--- Config 39/48: entanglement=linear, init_state=hf, layers=3, single_qubit_gates=['ry'], two_qubit_gate=rzz ---
  Trial 1/2, seed=4800
Step 0, Energy: -2.380657, LR: 5.00e-02
Step 100, Energy: -2.914752, LR: 5.00e-02
Step 200, Energy: -2.914764, LR: 5.00e-02
Step 300, Energy: -2.914764, LR: 5.00e-02
Step 400, Energy: -2.914764, LR: 5.00e-02
Step 500, Energy: -2.914764, LR: 5.00e-02
  Trial 2/2, seed=4801
Step 0, Energy: -2.207971, LR: 5.00e-02
Step 100, Energy: -2.909204, LR: 5.00e-02
Step 200, Energy: -2.914566, LR: 5.00e-02
Step 300, Energy: -2.914716, LR: 5.00e-02
Step 400, Energy: -2.914748, LR: 5.00e-02
Step 500, Energy: -2.914758, LR: 5.00e-02
Best for config 39: val_energy=-2.914764, num_params=21

--- Config 40/48: entanglement=full, init_state=hf, layers=3, single_qubit_gates=['ry'], two_qubit_gate=rzz ---
  Trial 1/2, seed=4900
Step 0, Energy: -2.669980, LR: 5.00e-02
Step 100, Energy: -2.914925, LR: 5.00e-02
Step 200, Energy: -2.936947, LR: 5.00e-02
Step 300, Energy: -2.937375, LR: 5.00e-02
Step 400, Energy: -2.937376, LR: 5.00e-02
Step 500, Energy: -2.937376, LR: 5.00e-02
  Trial 2/2, seed=4901
Step 0, Energy: -2.325252, LR: 5.00e-02
Step 100, Energy: -2.937097, LR: 5.00e-02
Step 200, Energy: -2.937349, LR: 5.00e-02
Step 300, Energy: -2.937368, LR: 5.00e-02
Step 400, Energy: -2.937373, LR: 5.00e-02
Step 500, Energy: -2.937376, LR: 5.00e-02
Best for config 40: val_energy=-2.937378, num_params=30

--- Config 41/48: entanglement=linear, init_state=hf, layers=3, single_qubit_gates=['ry'], two_qubit_gate=rxx_ryy_rzz ---
  Trial 1/2, seed=5000
Step 0, Energy: -2.411981, LR: 5.00e-02
Step 100, Energy: -2.937293, LR: 5.00e-02
Step 200, Energy: -2.937374, LR: 5.00e-02
Step 300, Energy: -2.937376, LR: 5.00e-02
Step 400, Energy: -2.937377, LR: 5.00e-02
Step 500, Energy: -2.937378, LR: 5.00e-02
  Trial 2/2, seed=5001
Step 0, Energy: -2.386806, LR: 5.00e-02
Step 100, Energy: -2.937134, LR: 5.00e-02
Step 200, Energy: -2.937319, LR: 5.00e-02
Step 300, Energy: -2.937348, LR: 5.00e-02
Step 400, Energy: -2.937363, LR: 5.00e-02
Step 500, Energy: -2.937371, LR: 5.00e-02
Best for config 41: val_energy=-2.937377, num_params=39

--- Config 42/48: entanglement=full, init_state=hf, layers=3, single_qubit_gates=['ry'], two_qubit_gate=rxx_ryy_rzz ---
  Trial 1/2, seed=5100
Step 0, Energy: -2.362157, LR: 5.00e-02
Step 100, Energy: -2.937362, LR: 5.00e-02
Step 200, Energy: -2.937378, LR: 5.00e-02
Step 300, Energy: -2.937377, LR: 5.00e-02
Step 400, Energy: -2.937377, LR: 5.00e-02
Step 500, Energy: -2.937377, LR: 5.00e-02
  Trial 2/2, seed=5101
Step 0, Energy: -2.647605, LR: 5.00e-02
Step 100, Energy: -2.937374, LR: 5.00e-02
Step 200, Energy: -2.937377, LR: 5.00e-02
Step 300, Energy: -2.937377, LR: 5.00e-02
Step 400, Energy: -2.937378, LR: 5.00e-02
Step 500, Energy: -2.937377, LR: 5.00e-02
Best for config 42: val_energy=-2.937377, num_params=66

--- Config 43/48: entanglement=linear, init_state=hf, layers=3, single_qubit_gates=['ry', 'rz'], two_qubit_gate=cnot ---
  Trial 1/2, seed=5200
Step 0, Energy: -2.359803, LR: 5.00e-02
Step 100, Energy: -3.045107, LR: 5.00e-02
Step 200, Energy: -3.046670, LR: 5.00e-02
Step 300, Energy: -3.046681, LR: 5.00e-02
Step 400, Energy: -3.046684, LR: 5.00e-02
Step 500, Energy: -3.046686, LR: 5.00e-02
  Trial 2/2, seed=5201
Step 0, Energy: -2.533212, LR: 5.00e-02
Step 100, Energy: -3.043388, LR: 5.00e-02
Step 200, Energy: -3.046686, LR: 5.00e-02
Step 300, Energy: -3.046685, LR: 5.00e-02
Step 400, Energy: -3.046685, LR: 5.00e-02
Step 500, Energy: -3.046686, LR: 5.00e-02
Best for config 43: val_energy=-3.046685, num_params=24

--- Config 44/48: entanglement=full, init_state=hf, layers=3, single_qubit_gates=['ry', 'rz'], two_qubit_gate=cnot ---
  Trial 1/2, seed=5300
Step 0, Energy: -2.486516, LR: 5.00e-02
Step 100, Energy: -3.046542, LR: 5.00e-02
Step 200, Energy: -3.046684, LR: 5.00e-02
Step 300, Energy: -3.046685, LR: 5.00e-02
Step 400, Energy: -3.046686, LR: 5.00e-02
Step 500, Energy: -3.046685, LR: 5.00e-02
  Trial 2/2, seed=5301
Step 0, Energy: -2.405435, LR: 5.00e-02
Step 100, Energy: -2.914736, LR: 5.00e-02
Step 200, Energy: -2.914763, LR: 5.00e-02
Step 300, Energy: -2.914764, LR: 5.00e-02
Step 400, Energy: -2.914764, LR: 5.00e-02
Step 500, Energy: -2.914764, LR: 5.00e-02
Best for config 44: val_energy=-3.046685, num_params=24

--- Config 45/48: entanglement=linear, init_state=hf, layers=3, single_qubit_gates=['ry', 'rz'], two_qubit_gate=rzz ---
  Trial 1/2, seed=5400
Step 0, Energy: -2.751680, LR: 5.00e-02
Step 100, Energy: -2.914757, LR: 5.00e-02
Step 200, Energy: -2.914763, LR: 5.00e-02
Step 300, Energy: -2.914764, LR: 5.00e-02
Step 400, Energy: -2.914764, LR: 5.00e-02
Step 500, Energy: -2.914764, LR: 5.00e-02
  Trial 2/2, seed=5401
Step 0, Energy: -2.704769, LR: 5.00e-02
Step 100, Energy: -2.914746, LR: 5.00e-02
Step 200, Energy: -2.914764, LR: 5.00e-02
Step 300, Energy: -2.914764, LR: 5.00e-02
Step 400, Energy: -2.914764, LR: 5.00e-02
Step 500, Energy: -2.914764, LR: 5.00e-02
Best for config 45: val_energy=-2.914764, num_params=33

--- Config 46/48: entanglement=full, init_state=hf, layers=3, single_qubit_gates=['ry', 'rz'], two_qubit_gate=rzz ---
  Trial 1/2, seed=5500
Step 0, Energy: -2.499800, LR: 5.00e-02
Step 100, Energy: -3.046673, LR: 5.00e-02
Step 200, Energy: -3.046686, LR: 5.00e-02
Step 300, Energy: -3.046685, LR: 5.00e-02
Step 400, Energy: -3.046686, LR: 5.00e-02
Step 500, Energy: -3.046686, LR: 5.00e-02
  Trial 2/2, seed=5501
Step 0, Energy: -2.612008, LR: 5.00e-02
Step 100, Energy: -2.914748, LR: 5.00e-02
Step 200, Energy: -2.914761, LR: 5.00e-02
Step 300, Energy: -2.914763, LR: 5.00e-02
Step 400, Energy: -2.914763, LR: 5.00e-02
Step 500, Energy: -2.914764, LR: 5.00e-02
Best for config 46: val_energy=-3.046686, num_params=42

--- Config 47/48: entanglement=linear, init_state=hf, layers=3, single_qubit_gates=['ry', 'rz'], two_qubit_gate=rxx_ryy_rzz ---
  Trial 1/2, seed=5600
Step 0, Energy: -2.433794, LR: 5.00e-02
Step 100, Energy: -3.046666, LR: 5.00e-02
Step 200, Energy: -3.046684, LR: 5.00e-02
Step 300, Energy: -3.046686, LR: 5.00e-02
Step 400, Energy: -3.046686, LR: 5.00e-02
Step 500, Energy: -3.046686, LR: 5.00e-02
  Trial 2/2, seed=5601
Step 0, Energy: -2.256486, LR: 5.00e-02
Step 100, Energy: -3.046197, LR: 5.00e-02
Step 200, Energy: -3.046659, LR: 5.00e-02
Step 300, Energy: -3.046676, LR: 5.00e-02
Step 400, Energy: -3.046680, LR: 5.00e-02
Step 500, Energy: -3.046684, LR: 5.00e-02
Best for config 47: val_energy=-3.046685, num_params=51

--- Config 48/48: entanglement=full, init_state=hf, layers=3, single_qubit_gates=['ry', 'rz'], two_qubit_gate=rxx_ryy_rzz ---
  Trial 1/2, seed=5700
Step 0, Energy: -2.503247, LR: 5.00e-02
Step 100, Energy: -3.046679, LR: 5.00e-02
Step 200, Energy: -3.046686, LR: 5.00e-02
Step 300, Energy: -3.046686, LR: 5.00e-02
Step 400, Energy: -3.046686, LR: 5.00e-02
Step 500, Energy: -3.046686, LR: 5.00e-02
  Trial 2/2, seed=5701
Step 0, Energy: -2.386142, LR: 5.00e-02
Step 100, Energy: -3.046676, LR: 5.00e-02
Step 200, Energy: -3.046686, LR: 5.00e-02
Step 300, Energy: -3.046686, LR: 5.00e-02
Step 400, Energy: -3.046686, LR: 5.00e-02
Step 500, Energy: -3.046686, LR: 5.00e-02
Best for config 48: val_energy=-3.046685, num_params=78

=== Ansatz Search Final Best ===
Best config: entanglement=linear, init_state=zero, layers=2, single_qubit_gates=['ry'], two_qubit_gate=cnot

--- VQE Results ---
val_energy        : -3.0466854572296143
exact_energy      : -3.0466860000000002
energy_error      : 5.427703859695043e-07
num_params        : 8
training_seconds  : 4.07
actual_steps      : 366
-------------------

Report generated at: /Users/qianlong/tries/2026-03-10-auto-vqe/experiments/lih/report_20260310_215506.md
