=== Starting GA Search: TFIM_GA_Search ===
Population: 12, Gen: 8, Elite: 2

--- Generation 1/8 ---
  Evaluating: layers=3, single_qubit_gates=ry, two_qubit_gate=rzz, entanglement=ring, param_strategy=tied
  Evaluating: layers=2, single_qubit_gates=ry+rz, two_qubit_gate=cz, entanglement=brick, param_strategy=tied
  Evaluating: layers=3, single_qubit_gates=ry+rz, two_qubit_gate=cnot, entanglement=linear, param_strategy=independent
  Evaluating: layers=4, single_qubit_gates=ry, two_qubit_gate=cz, entanglement=linear, param_strategy=independent
  Evaluating: layers=1, single_qubit_gates=ry+rz, two_qubit_gate=cnot, entanglement=brick, param_strategy=tied
  Evaluating: layers=3, single_qubit_gates=ry+rz, two_qubit_gate=rzz, entanglement=brick, param_strategy=independent
  Evaluating: layers=2, single_qubit_gates=ry, two_qubit_gate=cnot, entanglement=ring, param_strategy=independent
  Evaluating: layers=3, single_qubit_gates=ry, two_qubit_gate=cz, entanglement=ring, param_strategy=independent
  Evaluating: layers=2, single_qubit_gates=ry+rz, two_qubit_gate=cnot, entanglement=brick, param_strategy=tied
  Evaluating: layers=1, single_qubit_gates=ry+rz, two_qubit_gate=cz, entanglement=brick, param_strategy=independent
  Evaluating: layers=2, single_qubit_gates=ry, two_qubit_gate=rzz, entanglement=linear, param_strategy=independent
  Evaluating: layers=4, single_qubit_gates=ry, two_qubit_gate=cnot, entanglement=linear, param_strategy=tied
New Best Overall: Energy=-4.758062, Params=24

--- Generation 2/8 ---
  Evaluating: layers=2, single_qubit_gates=ry+rz, two_qubit_gate=rzz, entanglement=brick, param_strategy=independent
  Evaluating: layers=4, single_qubit_gates=ry, two_qubit_gate=cnot, entanglement=brick, param_strategy=tied
  Evaluating: layers=2, single_qubit_gates=ry, two_qubit_gate=cnot, entanglement=brick, param_strategy=independent
  Evaluating: layers=2, single_qubit_gates=ry, two_qubit_gate=cz, entanglement=linear, param_strategy=tied
  Evaluating: layers=4, single_qubit_gates=ry+rz, two_qubit_gate=cz, entanglement=linear, param_strategy=independent
  Evaluating: layers=1, single_qubit_gates=ry, two_qubit_gate=cz, entanglement=linear, param_strategy=tied

--- Generation 3/8 ---
  Evaluating: layers=4, single_qubit_gates=ry+rz, two_qubit_gate=rzz, entanglement=linear, param_strategy=independent
  Evaluating: layers=3, single_qubit_gates=ry+rz, two_qubit_gate=rzz, entanglement=brick, param_strategy=tied
  Evaluating: layers=4, single_qubit_gates=ry+rz, two_qubit_gate=cz, entanglement=brick, param_strategy=independent
  Evaluating: layers=4, single_qubit_gates=ry+rz, two_qubit_gate=cnot, entanglement=linear, param_strategy=independent
  Evaluating: layers=4, single_qubit_gates=ry, two_qubit_gate=cnot, entanglement=linear, param_strategy=independent
New Best Overall: Energy=-4.758771, Params=32

--- Generation 4/8 ---
  Evaluating: layers=3, single_qubit_gates=ry, two_qubit_gate=cnot, entanglement=linear, param_strategy=independent
  Evaluating: layers=4, single_qubit_gates=ry+rz, two_qubit_gate=cnot, entanglement=linear, param_strategy=tied
  Evaluating: layers=4, single_qubit_gates=ry, two_qubit_gate=rzz, entanglement=linear, param_strategy=independent

--- Generation 5/8 ---
  Evaluating: layers=4, single_qubit_gates=ry+rz, two_qubit_gate=cnot, entanglement=ring, param_strategy=independent

--- Generation 6/8 ---
  Evaluating: layers=4, single_qubit_gates=ry, two_qubit_gate=cnot, entanglement=ring, param_strategy=tied
  Evaluating: layers=1, single_qubit_gates=ry, two_qubit_gate=cnot, entanglement=linear, param_strategy=tied

--- Generation 7/8 ---
  Evaluating: layers=3, single_qubit_gates=ry, two_qubit_gate=rzz, entanglement=linear, param_strategy=independent
  Evaluating: layers=4, single_qubit_gates=ry+rz, two_qubit_gate=cnot, entanglement=brick, param_strategy=tied
  Evaluating: layers=2, single_qubit_gates=ry+rz, two_qubit_gate=rzz, entanglement=linear, param_strategy=independent

--- Generation 8/8 ---
  Evaluating: layers=4, single_qubit_gates=ry, two_qubit_gate=cz, entanglement=ring, param_strategy=independent

=== GA Search Final Best ===

--- VQE Results ---
val_energy        : -4.7587714195251465
exact_energy      : -4.75877
energy_error      : 1.4195251463178238e-06
num_params        : 32
training_seconds  : 14.28
actual_steps      : 600
-------------------

Best Config: layers=4, single_qubit_gates=ry+rz, two_qubit_gate=cnot, entanglement=linear, param_strategy=independent
Best config saved to /Users/qianlong/tries/2026-03-10-auto-vqe/experiments/tfim/best_config.json
