=== Starting GA Search: LiH_GA_Search ===
Population: 10, Gen: 6, Elite: 2

--- Generation 1/6 ---
  Evaluating: layers=4, single_qubit_gates=ry+rz, two_qubit_gate=rzz, entanglement=linear, init_state=zero
  Evaluating: layers=3, single_qubit_gates=ry+rz, two_qubit_gate=cnot, entanglement=ring, init_state=hf
  Evaluating: layers=5, single_qubit_gates=ry+rz, two_qubit_gate=rzz, entanglement=linear, init_state=hf
  Evaluating: layers=4, single_qubit_gates=rx+ry+rz, two_qubit_gate=rxx_ryy_rzz, entanglement=ring, init_state=zero
  Evaluating: layers=5, single_qubit_gates=ry+rz, two_qubit_gate=rxx_ryy_rzz, entanglement=ring, init_state=zero
  Evaluating: layers=2, single_qubit_gates=rx+ry+rz, two_qubit_gate=rzz, entanglement=linear, init_state=hf
  Evaluating: layers=3, single_qubit_gates=ry+rz, two_qubit_gate=rxx_ryy_rzz, entanglement=ring, init_state=zero
  Evaluating: layers=4, single_qubit_gates=ry+rz, two_qubit_gate=cnot, entanglement=ring, init_state=hf
  Evaluating: layers=5, single_qubit_gates=ry, two_qubit_gate=rxx_ryy_rzz, entanglement=linear, init_state=zero
  Evaluating: layers=3, single_qubit_gates=rx+ry+rz, two_qubit_gate=rxx_ryy_rzz, entanglement=full, init_state=zero
New Best Overall: Energy=-3.046686, Params=90

--- Generation 2/6 ---
  Evaluating: layers=2, single_qubit_gates=rx+ry+rz, two_qubit_gate=rzz, entanglement=ring, init_state=hf
  Evaluating: layers=5, single_qubit_gates=ry+rz, two_qubit_gate=cnot, entanglement=ring, init_state=hf
  Evaluating: layers=4, single_qubit_gates=ry+rz, two_qubit_gate=rxx_ryy_rzz, entanglement=ring, init_state=hf
  Evaluating: layers=3, single_qubit_gates=ry, two_qubit_gate=cnot, entanglement=full, init_state=hf
  Evaluating: layers=4, single_qubit_gates=ry+rz, two_qubit_gate=rxx_ryy_rzz, entanglement=ring, init_state=zero
  Evaluating: layers=3, single_qubit_gates=ry+rz, two_qubit_gate=cnot, entanglement=ring, init_state=zero
  Evaluating: layers=3, single_qubit_gates=ry+rz, two_qubit_gate=rxx_ryy_rzz, entanglement=ring, init_state=hf

--- Generation 3/6 ---
  Evaluating: layers=4, single_qubit_gates=ry+rz, two_qubit_gate=rxx_ryy_rzz, entanglement=linear, init_state=hf
  Evaluating: layers=5, single_qubit_gates=ry, two_qubit_gate=rxx_ryy_rzz, entanglement=ring, init_state=hf

--- Generation 4/6 ---
  Evaluating: layers=3, single_qubit_gates=ry, two_qubit_gate=rzz, entanglement=full, init_state=hf
  Evaluating: layers=4, single_qubit_gates=ry+rz, two_qubit_gate=rxx_ryy_rzz, entanglement=linear, init_state=zero
  Evaluating: layers=5, single_qubit_gates=ry, two_qubit_gate=cnot, entanglement=ring, init_state=hf
  Evaluating: layers=3, single_qubit_gates=ry+rz, two_qubit_gate=rxx_ryy_rzz, entanglement=linear, init_state=zero

--- Generation 5/6 ---
  Evaluating: layers=5, single_qubit_gates=rx+ry+rz, two_qubit_gate=rxx_ryy_rzz, entanglement=ring, init_state=zero
  Evaluating: layers=4, single_qubit_gates=rx+ry+rz, two_qubit_gate=rxx_ryy_rzz, entanglement=full, init_state=zero
  Evaluating: layers=3, single_qubit_gates=rx+ry+rz, two_qubit_gate=rxx_ryy_rzz, entanglement=linear, init_state=zero
  Evaluating: layers=4, single_qubit_gates=ry+rz, two_qubit_gate=cnot, entanglement=ring, init_state=zero

--- Generation 6/6 ---
  Evaluating: layers=5, single_qubit_gates=ry, two_qubit_gate=rzz, entanglement=ring, init_state=zero
  Evaluating: layers=5, single_qubit_gates=ry+rz, two_qubit_gate=rxx_ryy_rzz, entanglement=linear, init_state=hf
  Evaluating: layers=3, single_qubit_gates=rx+ry+rz, two_qubit_gate=rxx_ryy_rzz, entanglement=linear, init_state=hf
  Evaluating: layers=3, single_qubit_gates=ry, two_qubit_gate=cnot, entanglement=ring, init_state=zero
  Evaluating: layers=2, single_qubit_gates=rx+ry+rz, two_qubit_gate=rzz, entanglement=ring, init_state=zero
  Evaluating: layers=5, single_qubit_gates=rx+ry+rz, two_qubit_gate=rzz, entanglement=linear, init_state=hf

=== GA Search Final Best ===

--- VQE Results ---
val_energy        : -3.0466864109039307
exact_energy      : -3.0466860000000002
energy_error      : 4.1090393043674567e-07
num_params        : 90
training_seconds  : 42.46
actual_steps      : 600
-------------------

Best Config: layers=3, single_qubit_gates=rx+ry+rz, two_qubit_gate=rxx_ryy_rzz, entanglement=full, init_state=zero
Best config saved to /Users/qianlong/tries/2026-03-10-auto-vqe/experiments/lih/best_config.json
