--- LiH Baseline Experiment ---
Baseline family: uccsd, name: uccsd
Config: {'init_state': 'hf', 'hf_qubits': [0, 1], 'layers': 2, 'single_qubit_gates': ['ry', 'rz'], 'two_qubit_gate': 'rzz', 'entanglement': 'linear', 'param_strategy': 'independent'}
Target Energy: -7.749394

--- Trial 1/3 ---
Step 0, Energy: -7.492247, LR: 5.00e-02
Step 100, Energy: -7.749389, LR: 5.00e-02
Early stop at step 174: converged (window=50, threshold=1.0e-08)

--- Trial 2/3 ---
Step 0, Energy: -7.574014, LR: 5.00e-02
Step 100, Energy: -7.749390, LR: 5.00e-02
Step 200, Energy: -7.749395, LR: 5.00e-02
Step 300, Energy: -7.749393, LR: 5.00e-02
Early stop at step 382: converged (window=50, threshold=1.0e-08)

--- Trial 3/3 ---
Step 0, Energy: -7.595189, LR: 5.00e-02
Step 100, Energy: -7.749391, LR: 5.00e-02
Step 200, Energy: -7.749393, LR: 5.00e-02
Step 300, Energy: -7.749393, LR: 5.00e-02
Step 400, Energy: -7.749394, LR: 5.00e-02
Step 500, Energy: -7.749394, LR: 5.00e-02
Step 600, Energy: -7.749393, LR: 5.00e-02
Step 700, Energy: -7.749394, LR: 5.00e-02

=== LiH Baseline Best ===

--- VQE Results ---
val_energy        : -7.749393939971924
exact_energy      : -7.749393694524732
energy_error      : 2.454471914603573e-07
num_params        : 22
training_seconds  : 3.4
actual_steps      : 175
seed              : None
n_qubits          : 4
optimizer_spec    : {'optimizer': 'Adam', 'lr': 0.05, 'max_steps': 800, 'early_stop_window': 50, 'early_stop_threshold': 1e-08, 'grad_clip_norm': 1.0, 'scheduler': {'type': 'ReduceLROnPlateau', 'mode': 'min', 'patience': 100, 'factor': 0.5, 'min_lr': 1e-05}}
-------------------

Report generated at: /Users/qianlong/tries/2026-03-10-auto-vqe/experiments/lih/baseline/report_20260311_114144.md
